<?xml version="1.0" encoding="UTF-8"?>
<!-- Generated by org.testng.reporters.JUnitXMLReporter -->
<testsuite ignored="0" hostname="KarthikPC" failures="1" tests="2" name="Test" time="27.967" errors="0" timestamp="2023-02-21T11:09:12 IST">
  <testcase classname="testCases.TC_001AccountRegistrationTest" name="test_account_Registration" time="6.586">
    <failure type="java.lang.AssertionError" message="expected [true] but found [false]">
      <![CDATA[java.lang.AssertionError: expected [true] but found [false]
at testCases.TC_001AccountRegistrationTest.test_account_Registration(TC_001AccountRegistrationTest.java:54)
at java.base/java.util.ArrayList.forEach(ArrayList.java:1511)
... Removed 29 stack frames]]>
    </failure>
  </testcase> <!-- test_account_Registration -->
  <testcase classname="testCases.TC_002_LoginTest" name="test_Login" time="3.472"/>
</testsuite> <!-- Test -->
